<?xml version="1.0" encoding="UTF-8"?>
<testsuites>
  <testsuite name="" tests="7" assertions="4" errors="3" failures="1" skipped="0" time="9.313144">
    <testsuite name="Tests_class_oik_block_editor_opinion" file="C:\apache\htdocs\wordpress\wp-content\plugins\oik-block\tests\test-class-oik-block-editor-opinion.php" tests="3" assertions="2" errors="1" failures="0" skipped="0" time="9.255387">
      <testcase name="test_construct" class="Tests_class_oik_block_editor_opinion" classname="Tests_class_oik_block_editor_opinion" file="C:\apache\htdocs\wordpress\wp-content\plugins\oik-block\tests\test-class-oik-block-editor-opinion.php" line="23" assertions="1" time="9.235821"/>
      <testcase name="test_report" class="Tests_class_oik_block_editor_opinion" classname="Tests_class_oik_block_editor_opinion" file="C:\apache\htdocs\wordpress\wp-content\plugins\oik-block\tests\test-class-oik-block-editor-opinion.php" line="29" assertions="0" time="0.009599">
        <error type="PHPUnit\Framework\RiskyTestError">Risky Test
</error>
        <system-out>A | O | P |  | &#13;
</system-out>
      </testcase>
      <testcase name="test_set_preferred_editor" class="Tests_class_oik_block_editor_opinion" classname="Tests_class_oik_block_editor_opinion" file="C:\apache\htdocs\wordpress\wp-content\plugins\oik-block\tests\test-class-oik-block-editor-opinion.php" line="34" assertions="1" time="0.009967"/>
    </testsuite>
    <testsuite name="Tests_class_oik_block_editor_opinions" file="C:\apache\htdocs\wordpress\wp-content\plugins\oik-block\tests\test-class-oik-block-editor-opinions.php" tests="4" assertions="2" errors="2" failures="1" skipped="0" time="0.057757">
      <testcase name="test_construct" class="Tests_class_oik_block_editor_opinions" classname="Tests_class_oik_block_editor_opinions" file="C:\apache\htdocs\wordpress\wp-content\plugins\oik-block\tests\test-class-oik-block-editor-opinions.php" line="22" assertions="1" time="0.018049"/>
      <testcase name="test_add_opinions" class="Tests_class_oik_block_editor_opinions" classname="Tests_class_oik_block_editor_opinions" file="C:\apache\htdocs\wordpress\wp-content\plugins\oik-block\tests\test-class-oik-block-editor-opinions.php" line="30" assertions="0" time="0.019888">
        <error type="PHPUnit\Framework\RiskyTestError">Risky Test
</error>
      </testcase>
      <testcase name="test_gather_site_opinions" class="Tests_class_oik_block_editor_opinions" classname="Tests_class_oik_block_editor_opinions" file="C:\apache\htdocs\wordpress\wp-content\plugins\oik-block\tests\test-class-oik-block-editor-opinions.php" line="34" assertions="0" time="0.009803">
        <error type="PHPUnit\Framework\RiskyTestError">Risky Test
</error>
        <system-out>Editor | Mandatory? | Level | Opinion | Notes &#13;
------ | ---------- | ----- | ------- | ----- &#13;
C | O | S | Shortcodes [bw_csv] and [bw_graphviz] should be converted to blocks | &#13;
&#13;
</system-out>
      </testcase>
      <testcase name="test_consider_opinions" class="Tests_class_oik_block_editor_opinions" classname="Tests_class_oik_block_editor_opinions" file="C:\apache\htdocs\wordpress\wp-content\plugins\oik-block\tests\test-class-oik-block-editor-opinions.php" line="41" assertions="1" time="0.010017">
        <failure type="PHPUnit\Framework\ExpectationFailedException">Tests_class_oik_block_editor_opinions::test_consider_opinions
Failed asserting that two strings are equal.
--- Expected
+++ Actual
@@ @@
-'C'
+'CO'

C:\apache\htdocs\wordpress\wp-content\plugins\oik-block\tests\test-class-oik-block-editor-opinions.php:44
</failure>
      </testcase>
    </testsuite>
  </testsuite>
</testsuites>
